Build started 12/1/2010 2:55:32 PM.
     1>Project "C:\Users\clackn\Desktop\src\libs\protobuf-2.3.0\vsprojects\test_plugin.vcxproj" on node 2 (build target(s)).
     1>InitializeBuildStatus:
         Creating "Debug\test_plugin.unsuccessfulbuild" because "AlwaysCreate" was specified.
       ClCompile:
         C:\Program Files (x86)\Microsoft Visual Studio 10.0\VC\bin\CL.exe /c /I../src /I. /I../gtest/include /ZI /nologo /W3 /WX- /Od /Oy- /D WIN32 /D _DEBUG /D _CONSOLE /Gm /EHsc /RTC1 /MDd /GS /fp:precise /Zc:wchar_t /Zc:forScope /Fo"Debug\\" /Fd"Debug\vc100.pdb" /Gd /TP /analyze- /errorReport:prompt ..\src\google\protobuf\compiler\test_plugin.cc ..\src\google\protobuf\compiler\mock_code_generator.cc ..\src\google\protobuf\testing\file.cc /wd4244 /wd4267 /wd4018 /wd4355 /wd4800 /wd4251 /wd4996 /wd4146 /wd4305 
         file.cc
         mock_code_generator.cc
     1>c:\users\clackn\desktop\src\libs\protobuf-2.3.0\gtest\include\gtest\internal\gtest-tuple.h(745): error C3855: 'std::tr1::tuple_element': template parameter '_Idx' is incompatible with the declaration
     1>c:\users\clackn\desktop\src\libs\protobuf-2.3.0\gtest\include\gtest\internal\gtest-tuple.h(757): error C2039: 'type' : is not a member of 'std::tr1::tuple_element'
                 c:\users\clackn\desktop\src\libs\protobuf-2.3.0\gtest\include\gtest\internal\gtest-tuple.h(742) : see declaration of 'std::tr1::tuple_element'
     1>c:\users\clackn\desktop\src\libs\protobuf-2.3.0\gtest\include\gtest\internal\gtest-tuple.h(757): error C2146: syntax error : missing ',' before identifier 'type'
     1>c:\users\clackn\desktop\src\libs\protobuf-2.3.0\gtest\include\gtest\internal\gtest-tuple.h(757): error C2065: 'type' : undeclared identifier
     1>c:\users\clackn\desktop\src\libs\protobuf-2.3.0\gtest\include\gtest\internal\gtest-tuple.h(761): error C2039: 'type' : is not a member of 'std::tr1::tuple_element'
                 c:\users\clackn\desktop\src\libs\protobuf-2.3.0\gtest\include\gtest\internal\gtest-tuple.h(742) : see declaration of 'std::tr1::tuple_element'
     1>c:\users\clackn\desktop\src\libs\protobuf-2.3.0\gtest\include\gtest\internal\gtest-tuple.h(761): error C2146: syntax error : missing ',' before identifier 'type'
     1>c:\users\clackn\desktop\src\libs\protobuf-2.3.0\gtest\include\gtest\internal\gtest-tuple.h(761): error C2065: 'type' : undeclared identifier
     1>c:\users\clackn\desktop\src\libs\protobuf-2.3.0\gtest\include\gtest\internal\gtest-tuple.h(769): error C2039: 'type' : is not a member of 'std::tr1::tuple_element'
                 c:\users\clackn\desktop\src\libs\protobuf-2.3.0\gtest\include\gtest\internal\gtest-tuple.h(742) : see declaration of 'std::tr1::tuple_element'
     1>c:\users\clackn\desktop\src\libs\protobuf-2.3.0\gtest\include\gtest\internal\gtest-tuple.h(769): error C2146: syntax error : missing ',' before identifier 'type'
     1>c:\users\clackn\desktop\src\libs\protobuf-2.3.0\gtest\include\gtest\internal\gtest-tuple.h(769): error C2065: 'type' : undeclared identifier
     1>c:\users\clackn\desktop\src\libs\protobuf-2.3.0\gtest\include\gtest\internal\gtest-tuple.h(773): error C2039: 'type' : is not a member of 'std::tr1::tuple_element'
                 c:\users\clackn\desktop\src\libs\protobuf-2.3.0\gtest\include\gtest\internal\gtest-tuple.h(742) : see declaration of 'std::tr1::tuple_element'
     1>c:\users\clackn\desktop\src\libs\protobuf-2.3.0\gtest\include\gtest\internal\gtest-tuple.h(773): error C2146: syntax error : missing ',' before identifier 'type'
     1>c:\users\clackn\desktop\src\libs\protobuf-2.3.0\gtest\include\gtest\internal\gtest-tuple.h(773): error C2065: 'type' : undeclared identifier
     1>c:\users\clackn\desktop\src\libs\protobuf-2.3.0\gtest\include\gtest\internal\gtest-tuple.h(781): error C2039: 'type' : is not a member of 'std::tr1::tuple_element'
                 c:\users\clackn\desktop\src\libs\protobuf-2.3.0\gtest\include\gtest\internal\gtest-tuple.h(742) : see declaration of 'std::tr1::tuple_element'
     1>c:\users\clackn\desktop\src\libs\protobuf-2.3.0\gtest\include\gtest\internal\gtest-tuple.h(781): error C2146: syntax error : missing ',' before identifier 'type'
     1>c:\users\clackn\desktop\src\libs\protobuf-2.3.0\gtest\include\gtest\internal\gtest-tuple.h(781): error C2065: 'type' : undeclared identifier
     1>c:\users\clackn\desktop\src\libs\protobuf-2.3.0\gtest\include\gtest\internal\gtest-tuple.h(785): error C2039: 'type' : is not a member of 'std::tr1::tuple_element'
                 c:\users\clackn\desktop\src\libs\protobuf-2.3.0\gtest\include\gtest\internal\gtest-tuple.h(742) : see declaration of 'std::tr1::tuple_element'
     1>c:\users\clackn\desktop\src\libs\protobuf-2.3.0\gtest\include\gtest\internal\gtest-tuple.h(785): error C2146: syntax error : missing ',' before identifier 'type'
     1>c:\users\clackn\desktop\src\libs\protobuf-2.3.0\gtest\include\gtest\internal\gtest-tuple.h(785): error C2065: 'type' : undeclared identifier
     1>c:\users\clackn\desktop\src\libs\protobuf-2.3.0\gtest\include\gtest\internal\gtest-tuple.h(793): error C2039: 'type' : is not a member of 'std::tr1::tuple_element'
                 c:\users\clackn\desktop\src\libs\protobuf-2.3.0\gtest\include\gtest\internal\gtest-tuple.h(742) : see declaration of 'std::tr1::tuple_element'
     1>c:\users\clackn\desktop\src\libs\protobuf-2.3.0\gtest\include\gtest\internal\gtest-tuple.h(793): error C2146: syntax error : missing ',' before identifier 'type'
     1>c:\users\clackn\desktop\src\libs\protobuf-2.3.0\gtest\include\gtest\internal\gtest-tuple.h(793): error C2065: 'type' : undeclared identifier
     1>c:\users\clackn\desktop\src\libs\protobuf-2.3.0\gtest\include\gtest\internal\gtest-tuple.h(797): error C2039: 'type' : is not a member of 'std::tr1::tuple_element'
                 c:\users\clackn\desktop\src\libs\protobuf-2.3.0\gtest\include\gtest\internal\gtest-tuple.h(742) : see declaration of 'std::tr1::tuple_element'
     1>c:\users\clackn\desktop\src\libs\protobuf-2.3.0\gtest\include\gtest\internal\gtest-tuple.h(797): error C2146: syntax error : missing ',' before identifier 'type'
     1>c:\users\clackn\desktop\src\libs\protobuf-2.3.0\gtest\include\gtest\internal\gtest-tuple.h(797): error C2065: 'type' : undeclared identifier
     1>c:\users\clackn\desktop\src\libs\protobuf-2.3.0\gtest\include\gtest\internal\gtest-tuple.h(805): error C2039: 'type' : is not a member of 'std::tr1::tuple_element'
                 c:\users\clackn\desktop\src\libs\protobuf-2.3.0\gtest\include\gtest\internal\gtest-tuple.h(742) : see declaration of 'std::tr1::tuple_element'
     1>c:\users\clackn\desktop\src\libs\protobuf-2.3.0\gtest\include\gtest\internal\gtest-tuple.h(805): error C2146: syntax error : missing ',' before identifier 'type'
     1>c:\users\clackn\desktop\src\libs\protobuf-2.3.0\gtest\include\gtest\internal\gtest-tuple.h(805): error C2065: 'type' : undeclared identifier
     1>c:\users\clackn\desktop\src\libs\protobuf-2.3.0\gtest\include\gtest\internal\gtest-tuple.h(809): error C2039: 'type' : is not a member of 'std::tr1::tuple_element'
                 c:\users\clackn\desktop\src\libs\protobuf-2.3.0\gtest\include\gtest\internal\gtest-tuple.h(742) : see declaration of 'std::tr1::tuple_element'
     1>c:\users\clackn\desktop\src\libs\protobuf-2.3.0\gtest\include\gtest\internal\gtest-tuple.h(809): error C2146: syntax error : missing ',' before identifier 'type'
     1>c:\users\clackn\desktop\src\libs\protobuf-2.3.0\gtest\include\gtest\internal\gtest-tuple.h(809): error C2065: 'type' : undeclared identifier
     1>c:\users\clackn\desktop\src\libs\protobuf-2.3.0\gtest\include\gtest\internal\gtest-tuple.h(817): error C2039: 'type' : is not a member of 'std::tr1::tuple_element'
                 c:\users\clackn\desktop\src\libs\protobuf-2.3.0\gtest\include\gtest\internal\gtest-tuple.h(742) : see declaration of 'std::tr1::tuple_element'
     1>c:\users\clackn\desktop\src\libs\protobuf-2.3.0\gtest\include\gtest\internal\gtest-tuple.h(817): error C2146: syntax error : missing ',' before identifier 'type'
     1>c:\users\clackn\desktop\src\libs\protobuf-2.3.0\gtest\include\gtest\internal\gtest-tuple.h(817): error C2065: 'type' : undeclared identifier
     1>c:\users\clackn\desktop\src\libs\protobuf-2.3.0\gtest\include\gtest\internal\gtest-tuple.h(821): error C2039: 'type' : is not a member of 'std::tr1::tuple_element'
                 c:\users\clackn\desktop\src\libs\protobuf-2.3.0\gtest\include\gtest\internal\gtest-tuple.h(742) : see declaration of 'std::tr1::tuple_element'
     1>c:\users\clackn\desktop\src\libs\protobuf-2.3.0\gtest\include\gtest\internal\gtest-tuple.h(821): error C2146: syntax error : missing ',' before identifier 'type'
     1>c:\users\clackn\desktop\src\libs\protobuf-2.3.0\gtest\include\gtest\internal\gtest-tuple.h(821): error C2065: 'type' : undeclared identifier
     1>c:\users\clackn\desktop\src\libs\protobuf-2.3.0\gtest\include\gtest\internal\gtest-tuple.h(829): error C2039: 'type' : is not a member of 'std::tr1::tuple_element'
                 c:\users\clackn\desktop\src\libs\protobuf-2.3.0\gtest\include\gtest\internal\gtest-tuple.h(742) : see declaration of 'std::tr1::tuple_element'
     1>c:\users\clackn\desktop\src\libs\protobuf-2.3.0\gtest\include\gtest\internal\gtest-tuple.h(829): error C2146: syntax error : missing ',' before identifier 'type'
     1>c:\users\clackn\desktop\src\libs\protobuf-2.3.0\gtest\include\gtest\internal\gtest-tuple.h(829): error C2065: 'type' : undeclared identifier
     1>c:\users\clackn\desktop\src\libs\protobuf-2.3.0\gtest\include\gtest\internal\gtest-tuple.h(833): error C2039: 'type' : is not a member of 'std::tr1::tuple_element'
                 c:\users\clackn\desktop\src\libs\protobuf-2.3.0\gtest\include\gtest\internal\gtest-tuple.h(742) : see declaration of 'std::tr1::tuple_element'
     1>c:\users\clackn\desktop\src\libs\protobuf-2.3.0\gtest\include\gtest\internal\gtest-tuple.h(833): error C2146: syntax error : missing ',' before identifier 'type'
     1>c:\users\clackn\desktop\src\libs\protobuf-2.3.0\gtest\include\gtest\internal\gtest-tuple.h(833): error C2065: 'type' : undeclared identifier
     1>c:\users\clackn\desktop\src\libs\protobuf-2.3.0\gtest\include\gtest\internal\gtest-tuple.h(841): error C2039: 'type' : is not a member of 'std::tr1::tuple_element'
                 c:\users\clackn\desktop\src\libs\protobuf-2.3.0\gtest\include\gtest\internal\gtest-tuple.h(742) : see declaration of 'std::tr1::tuple_element'
     1>c:\users\clackn\desktop\src\libs\protobuf-2.3.0\gtest\include\gtest\internal\gtest-tuple.h(841): error C2146: syntax error : missing ',' before identifier 'type'
     1>c:\users\clackn\desktop\src\libs\protobuf-2.3.0\gtest\include\gtest\internal\gtest-tuple.h(841): error C2065: 'type' : undeclared identifier
     1>c:\users\clackn\desktop\src\libs\protobuf-2.3.0\gtest\include\gtest\internal\gtest-tuple.h(845): error C2039: 'type' : is not a member of 'std::tr1::tuple_element'
                 c:\users\clackn\desktop\src\libs\protobuf-2.3.0\gtest\include\gtest\internal\gtest-tuple.h(742) : see declaration of 'std::tr1::tuple_element'
     1>c:\users\clackn\desktop\src\libs\protobuf-2.3.0\gtest\include\gtest\internal\gtest-tuple.h(845): error C2146: syntax error : missing ',' before identifier 'type'
     1>c:\users\clackn\desktop\src\libs\protobuf-2.3.0\gtest\include\gtest\internal\gtest-tuple.h(845): error C2065: 'type' : undeclared identifier
     1>c:\users\clackn\desktop\src\libs\protobuf-2.3.0\gtest\include\gtest\internal\gtest-tuple.h(853): error C2039: 'type' : is not a member of 'std::tr1::tuple_element'
                 c:\users\clackn\desktop\src\libs\protobuf-2.3.0\gtest\include\gtest\internal\gtest-tuple.h(742) : see declaration of 'std::tr1::tuple_element'
     1>c:\users\clackn\desktop\src\libs\protobuf-2.3.0\gtest\include\gtest\internal\gtest-tuple.h(853): error C2146: syntax error : missing ',' before identifier 'type'
     1>c:\users\clackn\desktop\src\libs\protobuf-2.3.0\gtest\include\gtest\internal\gtest-tuple.h(853): error C2065: 'type' : undeclared identifier
     1>c:\users\clackn\desktop\src\libs\protobuf-2.3.0\gtest\include\gtest\internal\gtest-tuple.h(857): error C2039: 'type' : is not a member of 'std::tr1::tuple_element'
                 c:\users\clackn\desktop\src\libs\protobuf-2.3.0\gtest\include\gtest\internal\gtest-tuple.h(742) : see declaration of 'std::tr1::tuple_element'
     1>c:\users\clackn\desktop\src\libs\protobuf-2.3.0\gtest\include\gtest\internal\gtest-tuple.h(857): error C2146: syntax error : missing ',' before identifier 'type'
     1>c:\users\clackn\desktop\src\libs\protobuf-2.3.0\gtest\include\gtest\internal\gtest-tuple.h(857): error C2065: 'type' : undeclared identifier
     1>c:\users\clackn\desktop\src\libs\protobuf-2.3.0\gtest\include\gtest\internal\gtest-tuple.h(865): error C2039: 'type' : is not a member of 'std::tr1::tuple_element'
                 c:\users\clackn\desktop\src\libs\protobuf-2.3.0\gtest\include\gtest\internal\gtest-tuple.h(742) : see declaration of 'std::tr1::tuple_element'
     1>c:\users\clackn\desktop\src\libs\protobuf-2.3.0\gtest\include\gtest\internal\gtest-tuple.h(865): error C2146: syntax error : missing ',' before identifier 'type'
     1>c:\users\clackn\desktop\src\libs\protobuf-2.3.0\gtest\include\gtest\internal\gtest-tuple.h(865): error C2065: 'type' : undeclared identifier
     1>c:\users\clackn\desktop\src\libs\protobuf-2.3.0\gtest\include\gtest\internal\gtest-tuple.h(869): error C2039: 'type' : is not a member of 'std::tr1::tuple_element'
                 c:\users\clackn\desktop\src\libs\protobuf-2.3.0\gtest\include\gtest\internal\gtest-tuple.h(742) : see declaration of 'std::tr1::tuple_element'
     1>c:\users\clackn\desktop\src\libs\protobuf-2.3.0\gtest\include\gtest\internal\gtest-tuple.h(869): error C2146: syntax error : missing ',' before identifier 'type'
     1>c:\users\clackn\desktop\src\libs\protobuf-2.3.0\gtest\include\gtest\internal\gtest-tuple.h(869): error C2065: 'type' : undeclared identifier
     1>c:\users\clackn\desktop\src\libs\protobuf-2.3.0\gtest\include\gtest\internal\gtest-tuple.h(876): error C2039: 'type' : is not a member of 'std::tr1::tuple_element'
                 c:\users\clackn\desktop\src\libs\protobuf-2.3.0\gtest\include\gtest\internal\gtest-tuple.h(742) : see declaration of 'std::tr1::tuple_element'
     1>c:\users\clackn\desktop\src\libs\protobuf-2.3.0\gtest\include\gtest\internal\gtest-tuple.h(876): error C2146: syntax error : missing ',' before identifier 'type'
     1>c:\users\clackn\desktop\src\libs\protobuf-2.3.0\gtest\include\gtest\internal\gtest-tuple.h(876): error C2065: 'type' : undeclared identifier
     1>c:\users\clackn\desktop\src\libs\protobuf-2.3.0\gtest\include\gtest\internal\gtest-tuple.h(882): error C2039: 'type' : is not a member of 'std::tr1::tuple_element'
                 c:\users\clackn\desktop\src\libs\protobuf-2.3.0\gtest\include\gtest\internal\gtest-tuple.h(742) : see declaration of 'std::tr1::tuple_element'
     1>c:\users\clackn\desktop\src\libs\protobuf-2.3.0\gtest\include\gtest\internal\gtest-tuple.h(882): error C2146: syntax error : missing ',' before identifier 'type'
     1>c:\users\clackn\desktop\src\libs\protobuf-2.3.0\gtest\include\gtest\internal\gtest-tuple.h(882): error C2065: 'type' : undeclared identifier
         test_plugin.cc
         Generating Code...
     1>Done Building Project "C:\Users\clackn\Desktop\src\libs\protobuf-2.3.0\vsprojects\test_plugin.vcxproj" (build target(s)) -- FAILED.

Build FAILED.

Time Elapsed 00:00:01.72
